[0.547s] Invoking command in '/home/yuukikawai-ubuntu22/ros2_ws/src/my_py_pkg': PYTHONPATH=/home/yuukikawai-ubuntu22/ros2_ws/build/my_py_pkg/prefix_override:/usr/lib/python3/dist-packages/colcon_core/task/python/colcon_distutils_commands:/home/yuukikawai-ubuntu22/ros2_ws/install/my_py_pkg/lib/python3.10/site-packages:${PYTHONPATH} /usr/bin/python3 -W ignore:setup.py install is deprecated setup.py egg_info --egg-base ../../build/my_py_pkg build --build-base /home/yuukikawai-ubuntu22/ros2_ws/build/my_py_pkg/build install --record /home/yuukikawai-ubuntu22/ros2_ws/build/my_py_pkg/install.log --single-version-externally-managed install_data
[0.762s] running egg_info
[0.763s] writing ../../build/my_py_pkg/my_py_pkg.egg-info/PKG-INFO
[0.763s] writing dependency_links to ../../build/my_py_pkg/my_py_pkg.egg-info/dependency_links.txt
[0.763s] writing entry points to ../../build/my_py_pkg/my_py_pkg.egg-info/entry_points.txt
[0.763s] writing requirements to ../../build/my_py_pkg/my_py_pkg.egg-info/requires.txt
[0.763s] writing top-level names to ../../build/my_py_pkg/my_py_pkg.egg-info/top_level.txt
[0.765s] reading manifest file '../../build/my_py_pkg/my_py_pkg.egg-info/SOURCES.txt'
[0.765s] writing manifest file '../../build/my_py_pkg/my_py_pkg.egg-info/SOURCES.txt'
[0.765s] running build
[0.765s] running build_py
[0.766s] running install
[0.766s] running install_lib
[0.766s] running install_data
[0.766s] running install_egg_info
[0.768s] removing '/home/yuukikawai-ubuntu22/ros2_ws/install/my_py_pkg/lib/python3.10/site-packages/my_py_pkg-0.0.0-py3.10.egg-info' (and everything under it)
[0.768s] Copying ../../build/my_py_pkg/my_py_pkg.egg-info to /home/yuukikawai-ubuntu22/ros2_ws/install/my_py_pkg/lib/python3.10/site-packages/my_py_pkg-0.0.0-py3.10.egg-info
[0.769s] running install_scripts
[0.784s] writing list of installed files to '/home/yuukikawai-ubuntu22/ros2_ws/build/my_py_pkg/install.log'
[0.801s] Invoked command in '/home/yuukikawai-ubuntu22/ros2_ws/src/my_py_pkg' returned '0': PYTHONPATH=/home/yuukikawai-ubuntu22/ros2_ws/build/my_py_pkg/prefix_override:/usr/lib/python3/dist-packages/colcon_core/task/python/colcon_distutils_commands:/home/yuukikawai-ubuntu22/ros2_ws/install/my_py_pkg/lib/python3.10/site-packages:${PYTHONPATH} /usr/bin/python3 -W ignore:setup.py install is deprecated setup.py egg_info --egg-base ../../build/my_py_pkg build --build-base /home/yuukikawai-ubuntu22/ros2_ws/build/my_py_pkg/build install --record /home/yuukikawai-ubuntu22/ros2_ws/build/my_py_pkg/install.log --single-version-externally-managed install_data
