[0.572s] Invoking command in '/home/yuukikawai-ubuntu22/ros2_ws/src/my_py_pkg': PYTHONPATH=/home/yuukikawai-ubuntu22/ros2_ws/build/my_py_pkg/prefix_override:/usr/lib/python3/dist-packages/colcon_core/task/python/colcon_distutils_commands:/home/yuukikawai-ubuntu22/ros2_ws/install/my_py_pkg/lib/python3.10/site-packages:${PYTHONPATH} /usr/bin/python3 -W ignore:setup.py install is deprecated setup.py egg_info --egg-base ../../build/my_py_pkg build --build-base /home/yuukikawai-ubuntu22/ros2_ws/build/my_py_pkg/build install --record /home/yuukikawai-ubuntu22/ros2_ws/build/my_py_pkg/install.log --single-version-externally-managed install_data
[0.780s] running egg_info
[0.781s] creating ../../build/my_py_pkg/my_py_pkg.egg-info
[0.781s] writing ../../build/my_py_pkg/my_py_pkg.egg-info/PKG-INFO
[0.781s] writing dependency_links to ../../build/my_py_pkg/my_py_pkg.egg-info/dependency_links.txt
[0.781s] writing entry points to ../../build/my_py_pkg/my_py_pkg.egg-info/entry_points.txt
[0.782s] writing requirements to ../../build/my_py_pkg/my_py_pkg.egg-info/requires.txt
[0.782s] writing top-level names to ../../build/my_py_pkg/my_py_pkg.egg-info/top_level.txt
[0.782s] writing manifest file '../../build/my_py_pkg/my_py_pkg.egg-info/SOURCES.txt'
[0.783s] reading manifest file '../../build/my_py_pkg/my_py_pkg.egg-info/SOURCES.txt'
[0.783s] writing manifest file '../../build/my_py_pkg/my_py_pkg.egg-info/SOURCES.txt'
[0.784s] running build
[0.784s] running build_py
[0.784s] creating /home/yuukikawai-ubuntu22/ros2_ws/build/my_py_pkg/build
[0.784s] creating /home/yuukikawai-ubuntu22/ros2_ws/build/my_py_pkg/build/lib
[0.784s] creating /home/yuukikawai-ubuntu22/ros2_ws/build/my_py_pkg/build/lib/my_py_pkg
[0.784s] copying my_py_pkg/__init__.py -> /home/yuukikawai-ubuntu22/ros2_ws/build/my_py_pkg/build/lib/my_py_pkg
[0.785s] running install
[0.785s] running install_lib
[0.785s] creating /home/yuukikawai-ubuntu22/ros2_ws/install/my_py_pkg/lib/python3.10/site-packages/my_py_pkg
[0.785s] copying /home/yuukikawai-ubuntu22/ros2_ws/build/my_py_pkg/build/lib/my_py_pkg/__init__.py -> /home/yuukikawai-ubuntu22/ros2_ws/install/my_py_pkg/lib/python3.10/site-packages/my_py_pkg
[0.785s] byte-compiling /home/yuukikawai-ubuntu22/ros2_ws/install/my_py_pkg/lib/python3.10/site-packages/my_py_pkg/__init__.py to __init__.cpython-310.pyc
[0.785s] running install_data
[0.786s] creating /home/yuukikawai-ubuntu22/ros2_ws/install/my_py_pkg/share/ament_index
[0.786s] creating /home/yuukikawai-ubuntu22/ros2_ws/install/my_py_pkg/share/ament_index/resource_index
[0.786s] creating /home/yuukikawai-ubuntu22/ros2_ws/install/my_py_pkg/share/ament_index/resource_index/packages
[0.786s] copying resource/my_py_pkg -> /home/yuukikawai-ubuntu22/ros2_ws/install/my_py_pkg/share/ament_index/resource_index/packages
[0.786s] copying package.xml -> /home/yuukikawai-ubuntu22/ros2_ws/install/my_py_pkg/share/my_py_pkg
[0.786s] running install_egg_info
[0.787s] Copying ../../build/my_py_pkg/my_py_pkg.egg-info to /home/yuukikawai-ubuntu22/ros2_ws/install/my_py_pkg/lib/python3.10/site-packages/my_py_pkg-0.0.0-py3.10.egg-info
[0.788s] running install_scripts
[0.803s] writing list of installed files to '/home/yuukikawai-ubuntu22/ros2_ws/build/my_py_pkg/install.log'
[0.819s] Invoked command in '/home/yuukikawai-ubuntu22/ros2_ws/src/my_py_pkg' returned '0': PYTHONPATH=/home/yuukikawai-ubuntu22/ros2_ws/build/my_py_pkg/prefix_override:/usr/lib/python3/dist-packages/colcon_core/task/python/colcon_distutils_commands:/home/yuukikawai-ubuntu22/ros2_ws/install/my_py_pkg/lib/python3.10/site-packages:${PYTHONPATH} /usr/bin/python3 -W ignore:setup.py install is deprecated setup.py egg_info --egg-base ../../build/my_py_pkg build --build-base /home/yuukikawai-ubuntu22/ros2_ws/build/my_py_pkg/build install --record /home/yuukikawai-ubuntu22/ros2_ws/build/my_py_pkg/install.log --single-version-externally-managed install_data
