[0.010s] Invoking command in '/home/yuukikawai-ubuntu22/ros2_ws/build/my_cpp_pkg': CMAKE_PREFIX_PATH=${CMAKE_PREFIX_PATH}:/home/yuukikawai-ubuntu22/ros2_ws/install/my_py_pkg:/opt/ros/humble /usr/bin/cmake --build /home/yuukikawai-ubuntu22/ros2_ws/build/my_cpp_pkg -- -j12 -l12
[0.037s] -- Found ament_cmake: 1.3.10 (/opt/ros/humble/share/ament_cmake/cmake)
[0.146s] -- Found rclcpp: 16.0.10 (/opt/ros/humble/share/rclcpp/cmake)
[0.190s] -- Found rosidl_generator_c: 3.1.5 (/opt/ros/humble/share/rosidl_generator_c/cmake)
[0.193s] -- Found rosidl_adapter: 3.1.5 (/opt/ros/humble/share/rosidl_adapter/cmake)
[0.200s] -- Found rosidl_generator_cpp: 3.1.5 (/opt/ros/humble/share/rosidl_generator_cpp/cmake)
[0.208s] -- Using all available rosidl_typesupport_c: rosidl_typesupport_fastrtps_c;rosidl_typesupport_introspection_c
[0.218s] -- Using all available rosidl_typesupport_cpp: rosidl_typesupport_fastrtps_cpp;rosidl_typesupport_introspection_cpp
[0.244s] -- Found rmw_implementation_cmake: 6.1.2 (/opt/ros/humble/share/rmw_implementation_cmake/cmake)
[0.245s] -- Found rmw_fastrtps_cpp: 6.2.7 (/opt/ros/humble/share/rmw_fastrtps_cpp/cmake)
[0.345s] -- Using RMW implementation 'rmw_fastrtps_cpp' as default
[0.434s] -- Configuring done
[0.445s] -- Generating done
[0.446s] -- Build files have been written to: /home/yuukikawai-ubuntu22/ros2_ws/build/my_cpp_pkg
[0.483s] [ 50%] [32mBuilding CXX object CMakeFiles/cpp_node.dir/src/my_first_node.cpp.o[0m
[2.716s] [100%] [32m[1mLinking CXX executable cpp_node[0m
[2.845s] [100%] Built target cpp_node
[2.859s] Invoked command in '/home/yuukikawai-ubuntu22/ros2_ws/build/my_cpp_pkg' returned '0': CMAKE_PREFIX_PATH=${CMAKE_PREFIX_PATH}:/home/yuukikawai-ubuntu22/ros2_ws/install/my_py_pkg:/opt/ros/humble /usr/bin/cmake --build /home/yuukikawai-ubuntu22/ros2_ws/build/my_cpp_pkg -- -j12 -l12
[2.900s] Invoking command in '/home/yuukikawai-ubuntu22/ros2_ws/build/my_cpp_pkg': CMAKE_PREFIX_PATH=${CMAKE_PREFIX_PATH}:/home/yuukikawai-ubuntu22/ros2_ws/install/my_py_pkg:/opt/ros/humble /usr/bin/cmake --install /home/yuukikawai-ubuntu22/ros2_ws/build/my_cpp_pkg
[2.909s] -- Install configuration: ""
[2.909s] -- Installing: /home/yuukikawai-ubuntu22/ros2_ws/install/my_cpp_pkg/lib/my_cpp_pkg/cpp_node
[2.910s] -- Set runtime path of "/home/yuukikawai-ubuntu22/ros2_ws/install/my_cpp_pkg/lib/my_cpp_pkg/cpp_node" to ""
[2.910s] -- Up-to-date: /home/yuukikawai-ubuntu22/ros2_ws/install/my_cpp_pkg/share/ament_index/resource_index/package_run_dependencies/my_cpp_pkg
[2.910s] -- Installing: /home/yuukikawai-ubuntu22/ros2_ws/install/my_cpp_pkg/share/ament_index/resource_index/parent_prefix_path/my_cpp_pkg
[2.910s] -- Up-to-date: /home/yuukikawai-ubuntu22/ros2_ws/install/my_cpp_pkg/share/my_cpp_pkg/environment/ament_prefix_path.sh
[2.910s] -- Installing: /home/yuukikawai-ubuntu22/ros2_ws/install/my_cpp_pkg/share/my_cpp_pkg/environment/ament_prefix_path.dsv
[2.910s] -- Up-to-date: /home/yuukikawai-ubuntu22/ros2_ws/install/my_cpp_pkg/share/my_cpp_pkg/environment/path.sh
[2.910s] -- Installing: /home/yuukikawai-ubuntu22/ros2_ws/install/my_cpp_pkg/share/my_cpp_pkg/environment/path.dsv
[2.910s] -- Up-to-date: /home/yuukikawai-ubuntu22/ros2_ws/install/my_cpp_pkg/share/my_cpp_pkg/local_setup.bash
[2.910s] -- Up-to-date: /home/yuukikawai-ubuntu22/ros2_ws/install/my_cpp_pkg/share/my_cpp_pkg/local_setup.sh
[2.910s] -- Up-to-date: /home/yuukikawai-ubuntu22/ros2_ws/install/my_cpp_pkg/share/my_cpp_pkg/local_setup.zsh
[2.911s] -- Installing: /home/yuukikawai-ubuntu22/ros2_ws/install/my_cpp_pkg/share/my_cpp_pkg/local_setup.dsv
[2.911s] -- Installing: /home/yuukikawai-ubuntu22/ros2_ws/install/my_cpp_pkg/share/my_cpp_pkg/package.dsv
[2.911s] -- Up-to-date: /home/yuukikawai-ubuntu22/ros2_ws/install/my_cpp_pkg/share/ament_index/resource_index/packages/my_cpp_pkg
[2.911s] -- Up-to-date: /home/yuukikawai-ubuntu22/ros2_ws/install/my_cpp_pkg/share/my_cpp_pkg/cmake/my_cpp_pkgConfig.cmake
[2.911s] -- Up-to-date: /home/yuukikawai-ubuntu22/ros2_ws/install/my_cpp_pkg/share/my_cpp_pkg/cmake/my_cpp_pkgConfig-version.cmake
[2.911s] -- Up-to-date: /home/yuukikawai-ubuntu22/ros2_ws/install/my_cpp_pkg/share/my_cpp_pkg/package.xml
[2.913s] Invoked command in '/home/yuukikawai-ubuntu22/ros2_ws/build/my_cpp_pkg' returned '0': CMAKE_PREFIX_PATH=${CMAKE_PREFIX_PATH}:/home/yuukikawai-ubuntu22/ros2_ws/install/my_py_pkg:/opt/ros/humble /usr/bin/cmake --install /home/yuukikawai-ubuntu22/ros2_ws/build/my_cpp_pkg
