[0.010s] Invoking command in '/home/yuukikawai-ubuntu22/ros2_ws/build/my_cpp_pkg': CMAKE_PREFIX_PATH=${CMAKE_PREFIX_PATH}:/home/yuukikawai-ubuntu22/ros2_ws/install/my_py_pkg:/opt/ros/humble /usr/bin/cmake --build /home/yuukikawai-ubuntu22/ros2_ws/build/my_cpp_pkg -- -j12 -l12
[0.045s] -- Found ament_cmake: 1.3.10 (/opt/ros/humble/share/ament_cmake/cmake)
[0.171s] -- Found rclcpp: 16.0.10 (/opt/ros/humble/share/rclcpp/cmake)
[0.212s] -- Found rosidl_generator_c: 3.1.5 (/opt/ros/humble/share/rosidl_generator_c/cmake)
[0.215s] -- Found rosidl_adapter: 3.1.5 (/opt/ros/humble/share/rosidl_adapter/cmake)
[0.224s] -- Found rosidl_generator_cpp: 3.1.5 (/opt/ros/humble/share/rosidl_generator_cpp/cmake)
[0.239s] -- Using all available rosidl_typesupport_c: rosidl_typesupport_fastrtps_c;rosidl_typesupport_introspection_c
[0.257s] -- Using all available rosidl_typesupport_cpp: rosidl_typesupport_fastrtps_cpp;rosidl_typesupport_introspection_cpp
[0.301s] -- Found rmw_implementation_cmake: 6.1.2 (/opt/ros/humble/share/rmw_implementation_cmake/cmake)
[0.304s] -- Found rmw_fastrtps_cpp: 6.2.7 (/opt/ros/humble/share/rmw_fastrtps_cpp/cmake)
[0.421s] -- Using RMW implementation 'rmw_fastrtps_cpp' as default
[0.539s] -- Configuring done
[0.542s] [31mCMake Error at CMakeLists.txt:17 (add_executable):
[0.542s]   Cannot find source file:
[0.542s] 
[0.542s]     src/my_cpp_node.cpp
[0.542s] 
[0.542s]   Tried extensions .c .C .c++ .cc .cpp .cxx .cu .mpp .m .M .mm .ixx .cppm .h
[0.542s]   .hh .h++ .hm .hpp .hxx .in .txx .f .F .for .f77 .f90 .f95 .f03 .hip .ispc
[0.542s] 
[0.542s] [0m
[0.543s] [31mCMake Error at CMakeLists.txt:17 (add_executable):
[0.543s]   No SOURCES given to target: cpp_node
[0.543s] 
[0.543s] [0m
[0.544s] [0mCMake Generate step failed.  Build files cannot be regenerated correctly.[0m
[0.549s] gmake: *** [Makefile:226: cmake_check_build_system] エラー 1
[0.553s] Invoked command in '/home/yuukikawai-ubuntu22/ros2_ws/build/my_cpp_pkg' returned '2': CMAKE_PREFIX_PATH=${CMAKE_PREFIX_PATH}:/home/yuukikawai-ubuntu22/ros2_ws/install/my_py_pkg:/opt/ros/humble /usr/bin/cmake --build /home/yuukikawai-ubuntu22/ros2_ws/build/my_cpp_pkg -- -j12 -l12
