[0.535s] Invoking command in '/home/yuukikawai-ubuntu22/ros2_ws/src/my_py_pkg': PYTHONPATH=/home/yuukikawai-ubuntu22/ros2_ws/build/my_py_pkg/prefix_override:/usr/lib/python3/dist-packages/colcon_core/task/python/colcon_distutils_commands:/home/yuukikawai-ubuntu22/ros2_ws/install/my_py_pkg/lib/python3.10/site-packages:${PYTHONPATH} /usr/bin/python3 -W ignore:setup.py install is deprecated setup.py egg_info --egg-base ../../build/my_py_pkg build --build-base /home/yuukikawai-ubuntu22/ros2_ws/build/my_py_pkg/build install --record /home/yuukikawai-ubuntu22/ros2_ws/build/my_py_pkg/install.log --single-version-externally-managed install_data
[0.742s] running egg_info
[0.742s] writing ../../build/my_py_pkg/my_py_pkg.egg-info/PKG-INFO
[0.742s] writing dependency_links to ../../build/my_py_pkg/my_py_pkg.egg-info/dependency_links.txt
[0.742s] writing entry points to ../../build/my_py_pkg/my_py_pkg.egg-info/entry_points.txt
[0.742s] writing requirements to ../../build/my_py_pkg/my_py_pkg.egg-info/requires.txt
[0.742s] writing top-level names to ../../build/my_py_pkg/my_py_pkg.egg-info/top_level.txt
[0.744s] reading manifest file '../../build/my_py_pkg/my_py_pkg.egg-info/SOURCES.txt'
[0.744s] writing manifest file '../../build/my_py_pkg/my_py_pkg.egg-info/SOURCES.txt'
[0.744s] running build
[0.744s] running build_py
[0.744s] copying my_py_pkg/my_first_node.py -> /home/yuukikawai-ubuntu22/ros2_ws/build/my_py_pkg/build/lib/my_py_pkg
[0.745s] running install
[0.745s] running install_lib
[0.745s] copying /home/yuukikawai-ubuntu22/ros2_ws/build/my_py_pkg/build/lib/my_py_pkg/my_first_node.py -> /home/yuukikawai-ubuntu22/ros2_ws/install/my_py_pkg/lib/python3.10/site-packages/my_py_pkg
[0.746s] byte-compiling /home/yuukikawai-ubuntu22/ros2_ws/install/my_py_pkg/lib/python3.10/site-packages/my_py_pkg/my_first_node.py to my_first_node.cpython-310.pyc
[0.746s] running install_data
[0.746s] running install_egg_info
[0.747s] removing '/home/yuukikawai-ubuntu22/ros2_ws/install/my_py_pkg/lib/python3.10/site-packages/my_py_pkg-0.0.0-py3.10.egg-info' (and everything under it)
[0.748s] Copying ../../build/my_py_pkg/my_py_pkg.egg-info to /home/yuukikawai-ubuntu22/ros2_ws/install/my_py_pkg/lib/python3.10/site-packages/my_py_pkg-0.0.0-py3.10.egg-info
[0.748s] running install_scripts
[0.764s] Installing py_node script to /home/yuukikawai-ubuntu22/ros2_ws/install/my_py_pkg/lib/my_py_pkg
[0.764s] writing list of installed files to '/home/yuukikawai-ubuntu22/ros2_ws/build/my_py_pkg/install.log'
[0.780s] Invoked command in '/home/yuukikawai-ubuntu22/ros2_ws/src/my_py_pkg' returned '0': PYTHONPATH=/home/yuukikawai-ubuntu22/ros2_ws/build/my_py_pkg/prefix_override:/usr/lib/python3/dist-packages/colcon_core/task/python/colcon_distutils_commands:/home/yuukikawai-ubuntu22/ros2_ws/install/my_py_pkg/lib/python3.10/site-packages:${PYTHONPATH} /usr/bin/python3 -W ignore:setup.py install is deprecated setup.py egg_info --egg-base ../../build/my_py_pkg build --build-base /home/yuukikawai-ubuntu22/ros2_ws/build/my_py_pkg/build install --record /home/yuukikawai-ubuntu22/ros2_ws/build/my_py_pkg/install.log --single-version-externally-managed install_data
