[0.013s] Invoking command in '/home/yuukikawai-ubuntu22/ros2_ws/build/my_cpp_pkg': CMAKE_PREFIX_PATH=/opt/ros/humble /usr/bin/cmake /home/yuukikawai-ubuntu22/ros2_ws/src/my_cpp_pkg -DCMAKE_INSTALL_PREFIX=/home/yuukikawai-ubuntu22/ros2_ws/install/my_cpp_pkg
[0.192s] -- The C compiler identification is GNU 11.4.0
[0.371s] -- The CXX compiler identification is GNU 11.4.0
[0.384s] -- Detecting C compiler ABI info
[0.472s] -- Detecting C compiler ABI info - done
[0.482s] -- Check for working C compiler: /usr/bin/cc - skipped
[0.482s] -- Detecting C compile features
[0.483s] -- Detecting C compile features - done
[0.488s] -- Detecting CXX compiler ABI info
[0.579s] -- Detecting CXX compiler ABI info - done
[0.585s] -- Check for working CXX compiler: /usr/bin/c++ - skipped
[0.586s] -- Detecting CXX compile features
[0.586s] -- Detecting CXX compile features - done
[0.595s] -- Found ament_cmake: 1.3.10 (/opt/ros/humble/share/ament_cmake/cmake)
[0.737s] -- Found Python3: /usr/bin/python3 (found version "3.10.12") found components: Interpreter 
[0.848s] -- Found rclcpp: 16.0.10 (/opt/ros/humble/share/rclcpp/cmake)
[0.910s] -- Found rosidl_generator_c: 3.1.5 (/opt/ros/humble/share/rosidl_generator_c/cmake)
[0.916s] -- Found rosidl_adapter: 3.1.5 (/opt/ros/humble/share/rosidl_adapter/cmake)
[0.927s] -- Found rosidl_generator_cpp: 3.1.5 (/opt/ros/humble/share/rosidl_generator_cpp/cmake)
[0.944s] -- Using all available rosidl_typesupport_c: rosidl_typesupport_fastrtps_c;rosidl_typesupport_introspection_c
[0.963s] -- Using all available rosidl_typesupport_cpp: rosidl_typesupport_fastrtps_cpp;rosidl_typesupport_introspection_cpp
[1.021s] -- Found rmw_implementation_cmake: 6.1.2 (/opt/ros/humble/share/rmw_implementation_cmake/cmake)
[1.025s] -- Found rmw_fastrtps_cpp: 6.2.7 (/opt/ros/humble/share/rmw_fastrtps_cpp/cmake)
[1.131s] -- Found OpenSSL: /usr/lib/x86_64-linux-gnu/libcrypto.so (found version "3.0.2")  
[1.163s] -- Found FastRTPS: /opt/ros/humble/include  
[1.210s] -- Using RMW implementation 'rmw_fastrtps_cpp' as default
[1.222s] -- Looking for pthread.h
[1.301s] -- Looking for pthread.h - found
[1.302s] -- Performing Test CMAKE_HAVE_LIBC_PTHREAD
[1.376s] -- Performing Test CMAKE_HAVE_LIBC_PTHREAD - Success
[1.377s] -- Found Threads: TRUE  
[1.445s] -- Found ament_lint_auto: 0.12.11 (/opt/ros/humble/share/ament_lint_auto/cmake)
[1.528s] -- Added test 'lint_cmake' to check CMake code style
[1.530s] -- Added test 'xmllint' to check XML markup files
[1.532s] -- Configuring done
[1.536s] -- Generating done
[1.538s] -- Build files have been written to: /home/yuukikawai-ubuntu22/ros2_ws/build/my_cpp_pkg
[1.546s] Invoked command in '/home/yuukikawai-ubuntu22/ros2_ws/build/my_cpp_pkg' returned '0': CMAKE_PREFIX_PATH=/opt/ros/humble /usr/bin/cmake /home/yuukikawai-ubuntu22/ros2_ws/src/my_cpp_pkg -DCMAKE_INSTALL_PREFIX=/home/yuukikawai-ubuntu22/ros2_ws/install/my_cpp_pkg
[1.548s] Invoking command in '/home/yuukikawai-ubuntu22/ros2_ws/build/my_cpp_pkg': CMAKE_PREFIX_PATH=/opt/ros/humble /usr/bin/cmake --build /home/yuukikawai-ubuntu22/ros2_ws/build/my_cpp_pkg -- -j12 -l12
[1.589s] Invoked command in '/home/yuukikawai-ubuntu22/ros2_ws/build/my_cpp_pkg' returned '0': CMAKE_PREFIX_PATH=/opt/ros/humble /usr/bin/cmake --build /home/yuukikawai-ubuntu22/ros2_ws/build/my_cpp_pkg -- -j12 -l12
[1.625s] Invoking command in '/home/yuukikawai-ubuntu22/ros2_ws/build/my_cpp_pkg': CMAKE_PREFIX_PATH=/opt/ros/humble /usr/bin/cmake --install /home/yuukikawai-ubuntu22/ros2_ws/build/my_cpp_pkg
[1.633s] -- Install configuration: ""
[1.633s] -- Installing: /home/yuukikawai-ubuntu22/ros2_ws/install/my_cpp_pkg/share/ament_index/resource_index/package_run_dependencies/my_cpp_pkg
[1.634s] -- Installing: /home/yuukikawai-ubuntu22/ros2_ws/install/my_cpp_pkg/share/ament_index/resource_index/parent_prefix_path/my_cpp_pkg
[1.634s] -- Installing: /home/yuukikawai-ubuntu22/ros2_ws/install/my_cpp_pkg/share/my_cpp_pkg/environment/ament_prefix_path.sh
[1.634s] -- Installing: /home/yuukikawai-ubuntu22/ros2_ws/install/my_cpp_pkg/share/my_cpp_pkg/environment/ament_prefix_path.dsv
[1.634s] -- Installing: /home/yuukikawai-ubuntu22/ros2_ws/install/my_cpp_pkg/share/my_cpp_pkg/environment/path.sh
[1.634s] -- Installing: /home/yuukikawai-ubuntu22/ros2_ws/install/my_cpp_pkg/share/my_cpp_pkg/environment/path.dsv
[1.634s] -- Installing: /home/yuukikawai-ubuntu22/ros2_ws/install/my_cpp_pkg/share/my_cpp_pkg/local_setup.bash
[1.635s] -- Installing: /home/yuukikawai-ubuntu22/ros2_ws/install/my_cpp_pkg/share/my_cpp_pkg/local_setup.sh
[1.635s] -- Installing: /home/yuukikawai-ubuntu22/ros2_ws/install/my_cpp_pkg/share/my_cpp_pkg/local_setup.zsh
[1.635s] -- Installing: /home/yuukikawai-ubuntu22/ros2_ws/install/my_cpp_pkg/share/my_cpp_pkg/local_setup.dsv
[1.635s] -- Installing: /home/yuukikawai-ubuntu22/ros2_ws/install/my_cpp_pkg/share/my_cpp_pkg/package.dsv
[1.635s] -- Installing: /home/yuukikawai-ubuntu22/ros2_ws/install/my_cpp_pkg/share/ament_index/resource_index/packages/my_cpp_pkg
[1.635s] -- Installing: /home/yuukikawai-ubuntu22/ros2_ws/install/my_cpp_pkg/share/my_cpp_pkg/cmake/my_cpp_pkgConfig.cmake
[1.636s] -- Installing: /home/yuukikawai-ubuntu22/ros2_ws/install/my_cpp_pkg/share/my_cpp_pkg/cmake/my_cpp_pkgConfig-version.cmake
[1.636s] -- Installing: /home/yuukikawai-ubuntu22/ros2_ws/install/my_cpp_pkg/share/my_cpp_pkg/package.xml
[1.638s] Invoked command in '/home/yuukikawai-ubuntu22/ros2_ws/build/my_cpp_pkg' returned '0': CMAKE_PREFIX_PATH=/opt/ros/humble /usr/bin/cmake --install /home/yuukikawai-ubuntu22/ros2_ws/build/my_cpp_pkg
